
scontrol show job 14111939
JobId=14111939 JobName=Compression
   UserId=samiraj(3136055) GroupId=kazem(6075335) MCS_label=N/A
   Priority=1701144 Nice=0 Account=def-kazem QOS=normal
   JobState=COMPLETING Reason=TimeLimit Dependency=(null)
   Requeue=0 Restarts=0 BatchFlag=1 Reboot=0 ExitCode=0:15
   RunTime=23:00:02 TimeLimit=23:00:00 TimeMin=N/A
   SubmitTime=2025-01-24T21:06:45 EligibleTime=2025-01-24T21:06:45
   AccrueTime=2025-01-24T21:06:45
   StartTime=2025-01-24T21:06:46 EndTime=2025-01-25T20:06:48 Deadline=N/A
   SuspendTime=None SecsPreSuspend=0 LastSchedEval=2025-01-24T21:06:46 Scheduler=Main
   Partition=compute AllocNode:Sid=nia-login03:240863
   ReqNodeList=(null) ExcNodeList=(null)
   NodeList=nia0862
   BatchHost=nia0862
   NumNodes=1 NumCPUs=80 NumTasks=1 CPUs/Task=40 ReqB:S:C:T=0:0:*:*
   ReqTRES=cpu=40,mem=175000M,node=1,billing=20
   AllocTRES=cpu=80,mem=175000M,node=1,billing=40
   Socks/Node=* NtasksPerN:B:S:C=0:0:*:* CoreSpec=*
   MinCPUsNode=40 MinMemoryNode=0 MinTmpDiskNode=0
   Features=[skylake|cascade] DelayBoot=00:00:00
   OverSubscribe=NO Contiguous=0 Licenses=(null) Network=(null)
   Command=/gpfs/fs0/scratch/k/kazem/samiraj/python-script/big-data-compression/scripts/acs_wht_f32_New.sh
   WorkDir=/gpfs/fs0/scratch/k/kazem/samiraj/python-script/big-data-compression/scripts
   Comment=/opt/slurm/bin/sbatch --export=NONE acs_wht_f32_New.sh 
   StdErr=/gpfs/fs0/scratch/k/kazem/samiraj/python-script/big-data-compression/scripts/Compression.14111939.%N.err
   StdIn=/dev/null
   StdOut=/gpfs/fs0/scratch/k/kazem/samiraj/python-script/big-data-compression/scripts/Compression.14111939.%N.out
   TresPerTask=cpu=40
   MailUser=samira@mcmaster.ca MailType=BEGIN,END
   

sacct -j 14111939
JobID           JobName    Account    Elapsed  MaxVMSize     MaxRSS  SystemCPU    UserCPU ExitCode 
------------ ---------- ---------- ---------- ---------- ---------- ---------- ---------- -------- 
14111939     Compressi+  def-kazem   23:00:02                        00:01.048  00:07.387      0:0 
14111939.ba+      batch  def-kazem   23:00:03   9949008K   7264540K  00:01.048  00:07.386     0:15 
14111939.ex+     extern  def-kazem   23:00:03    136828K       848K   00:00:00   00:00:00      0:0 
