
scontrol show job 14111944
JobId=14111944 JobName=Compression
   UserId=samiraj(3136055) GroupId=kazem(6075335) MCS_label=N/A
   Priority=1701144 Nice=0 Account=def-kazem QOS=normal
   JobState=COMPLETING Reason=None Dependency=(null)
   Requeue=0 Restarts=0 BatchFlag=1 Reboot=0 ExitCode=0:0
   RunTime=20:37:06 TimeLimit=23:00:00 TimeMin=N/A
   SubmitTime=2025-01-24T21:06:51 EligibleTime=2025-01-24T21:06:51
   AccrueTime=2025-01-24T21:06:51
   StartTime=2025-01-24T21:07:03 EndTime=2025-01-25T17:44:09 Deadline=N/A
   SuspendTime=None SecsPreSuspend=0 LastSchedEval=2025-01-24T21:07:03 Scheduler=Main
   Partition=compute AllocNode:Sid=nia-login03:240863
   ReqNodeList=(null) ExcNodeList=(null)
   NodeList=nia0654
   BatchHost=nia0654
   NumNodes=1 NumCPUs=80 NumTasks=1 CPUs/Task=40 ReqB:S:C:T=0:0:*:*
   ReqTRES=cpu=40,mem=175000M,node=1,billing=20
   AllocTRES=cpu=80,mem=175000M,node=1,billing=40
   Socks/Node=* NtasksPerN:B:S:C=0:0:*:* CoreSpec=*
   MinCPUsNode=40 MinMemoryNode=0 MinTmpDiskNode=0
   Features=[skylake|cascade] DelayBoot=00:00:00
   OverSubscribe=NO Contiguous=0 Licenses=(null) Network=(null)
   Command=/gpfs/fs0/scratch/k/kazem/samiraj/python-script/big-data-compression/scripts/jw_mirimage_f32_New.sh
   WorkDir=/gpfs/fs0/scratch/k/kazem/samiraj/python-script/big-data-compression/scripts
   Comment=/opt/slurm/bin/sbatch --export=NONE jw_mirimage_f32_New.sh 
   StdErr=/gpfs/fs0/scratch/k/kazem/samiraj/python-script/big-data-compression/scripts/Compression.14111944.%N.err
   StdIn=/dev/null
   StdOut=/gpfs/fs0/scratch/k/kazem/samiraj/python-script/big-data-compression/scripts/Compression.14111944.%N.out
   TresPerTask=cpu=40
   MailUser=samira@mcmaster.ca MailType=BEGIN,END
   

sacct -j 14111944
JobID           JobName    Account    Elapsed  MaxVMSize     MaxRSS  SystemCPU    UserCPU ExitCode 
------------ ---------- ---------- ---------- ---------- ---------- ---------- ---------- -------- 
14111944     Compressi+  def-kazem   20:37:06                        11:16.092   20:22:56      0:0 
14111944.ba+      batch  def-kazem   20:37:06   8789984K   6082300K  11:16.092   20:22:56      0:0 
14111944.ex+     extern  def-kazem   20:37:06    136828K      1028K   00:00:00   00:00:00      0:0 
