
scontrol show job 14111942
JobId=14111942 JobName=Compression
   UserId=samiraj(3136055) GroupId=kazem(6075335) MCS_label=N/A
   Priority=1701144 Nice=0 Account=def-kazem QOS=normal
   JobState=COMPLETING Reason=TimeLimit Dependency=(null)
   Requeue=0 Restarts=0 BatchFlag=1 Reboot=0 ExitCode=0:15
   RunTime=23:00:15 TimeLimit=23:00:00 TimeMin=N/A
   SubmitTime=2025-01-24T21:06:48 EligibleTime=2025-01-24T21:06:48
   AccrueTime=2025-01-24T21:06:48
   StartTime=2025-01-24T21:07:03 EndTime=2025-01-25T20:07:18 Deadline=N/A
   SuspendTime=None SecsPreSuspend=0 LastSchedEval=2025-01-24T21:07:03 Scheduler=Main
   Partition=compute AllocNode:Sid=nia-login03:240863
   ReqNodeList=(null) ExcNodeList=(null)
   NodeList=nia0082
   BatchHost=nia0082
   NumNodes=1 NumCPUs=80 NumTasks=1 CPUs/Task=40 ReqB:S:C:T=0:0:*:*
   ReqTRES=cpu=40,mem=175000M,node=1,billing=20
   AllocTRES=cpu=80,mem=175000M,node=1,billing=40
   Socks/Node=* NtasksPerN:B:S:C=0:0:*:* CoreSpec=*
   MinCPUsNode=40 MinMemoryNode=0 MinTmpDiskNode=0
   Features=[skylake|cascade] DelayBoot=00:00:00
   OverSubscribe=NO Contiguous=0 Licenses=(null) Network=(null)
   Command=/gpfs/fs0/scratch/k/kazem/samiraj/python-script/big-data-compression/scripts/g24_78_usb2_f32_New.sh
   WorkDir=/gpfs/fs0/scratch/k/kazem/samiraj/python-script/big-data-compression/scripts
   Comment=/opt/slurm/bin/sbatch --export=NONE g24_78_usb2_f32_New.sh 
   StdErr=/gpfs/fs0/scratch/k/kazem/samiraj/python-script/big-data-compression/scripts/Compression.14111942.%N.err
   StdIn=/dev/null
   StdOut=/gpfs/fs0/scratch/k/kazem/samiraj/python-script/big-data-compression/scripts/Compression.14111942.%N.out
   TresPerTask=cpu=40
   MailUser=samira@mcmaster.ca MailType=BEGIN,END
   

sacct -j 14111942
JobID           JobName    Account    Elapsed  MaxVMSize     MaxRSS  SystemCPU    UserCPU ExitCode 
------------ ---------- ---------- ---------- ---------- ---------- ---------- ---------- -------- 
14111942     Compressi+  def-kazem   23:00:15                        00:01.055  00:07.389      0:0 
14111942.ba+      batch  def-kazem   23:00:18  52027104K  47801568K  00:01.054  00:07.389     0:15 
14111942.ex+     extern  def-kazem   23:00:18    136828K      1032K   00:00:00   00:00:00      0:0 
